<?xml version="1.0" encoding="UTF-8"?>
<!-- Generated by org.testng.reporters.JUnitReportReporter -->
<testsuite hostname="LIN-5CD53088L4" failures="0" tests="7" name="com.runner.TestRunnerTestNG" time="103.543" errors="0" timestamp="2025-11-14T15:17:31 IST" skipped="0">
  <testcase classname="com.runner.TestRunnerTestNG" name="runScenario" time="24.265"/>
  <testcase classname="com.runner.TestRunnerTestNG" name="runScenario" time="21.799"/>
  <testcase classname="com.runner.TestRunnerTestNG" name="runScenario" time="19.042"/>
  <testcase classname="com.runner.TestRunnerTestNG" name="runScenario" time="2.505"/>
  <testcase classname="com.runner.TestRunnerTestNG" name="runScenario" time="15.567"/>
  <testcase classname="com.runner.TestRunnerTestNG" name="runScenario" time="2.339"/>
  <testcase classname="com.runner.TestRunnerTestNG" name="runScenario" time="18.026"/>
</testsuite> <!-- com.runner.TestRunnerTestNG -->
