<?xml version="1.0" encoding="UTF-8"?>
<!-- Generated by org.testng.reporters.JUnitReportReporter -->
<testsuite hostname="LIN-5CD53088L4" failures="0" tests="3" name="com.runner.TestRunnerTestNG" time="59.980" errors="0" timestamp="2025-11-12T21:51:45 IST" skipped="0">
  <testcase classname="com.runner.TestRunnerTestNG" name="runScenario" time="15.476"/>
  <testcase classname="com.runner.TestRunnerTestNG" name="runScenario" time="21.738"/>
  <testcase classname="com.runner.TestRunnerTestNG" name="runScenario" time="22.766"/>
</testsuite> <!-- com.runner.TestRunnerTestNG -->
