<?xml version="1.0" encoding="UTF-8"?>
<!-- Generated by org.testng.reporters.JUnitReportReporter -->
<testsuite hostname="LIN-5CD53088L4" failures="0" tests="5" name="com.runner.TestRunnerTestNG" time="92.026" errors="0" timestamp="2025-11-13T23:00:44 IST" skipped="0">
  <testcase classname="com.runner.TestRunnerTestNG" name="runScenario" time="18.390"/>
  <testcase classname="com.runner.TestRunnerTestNG" name="runScenario" time="15.473"/>
  <testcase classname="com.runner.TestRunnerTestNG" name="runScenario" time="18.714"/>
  <testcase classname="com.runner.TestRunnerTestNG" name="runScenario" time="21.675"/>
  <testcase classname="com.runner.TestRunnerTestNG" name="runScenario" time="17.774"/>
</testsuite> <!-- com.runner.TestRunnerTestNG -->
