<?xml version="1.0" encoding="UTF-8"?>
<!-- Generated by org.testng.reporters.JUnitReportReporter -->
<testsuite hostname="LIN-5CD53088L4" failures="0" tests="2" name="com.runner.TestRunnerTestNG" time="32.178" errors="1" timestamp="2025-11-11T21:53:56 IST" skipped="0">
  <testcase classname="com.runner.TestRunnerTestNG" name="runScenario" time="6.197">
    <error message="The step &#039;the user is on Health Monitors Page&#039; and 5 other step(s) are undefined.
You can implement these steps using the snippet(s) below:

@Given(&quot;the user is on Health Monitors Page&quot;)
public void the_user_is_on_health_monitors_page() {
    // Write code here that turns the phrase above into concrete actions
    throw new io.cucumber.java.PendingException();
}
@When(&quot;the user clicks on Brands&quot;)
public void the_user_clicks_on_brands() {
    // Write code here that turns the phrase above into concrete actions
    throw new io.cucumber.java.PendingException();
}
@When(&quot;verify the Brands has multiple options&quot;)
public void verify_the_brands_has_multiple_options() {
    // Write code here that turns the phrase above into concrete actions
    throw new io.cucumber.java.PendingException();
}
@When(&quot;user click on ApolloPharmacy option&quot;)
public void user_click_on_apollo_pharmacy_option() {
    // Write code here that turns the phrase above into concrete actions
    throw new io.cucumber.java.PendingException();
}
@When(&quot;user click on Doctors choice option&quot;)
public void user_click_on_doctors_choice_option() {
    // Write code here that turns the phrase above into concrete actions
    throw new io.cucumber.java.PendingException();
}
@Then(&quot;user select multiple option at a time&quot;)
public void user_select_multiple_option_at_a_time() {
    // Write code here that turns the phrase above into concrete actions
    throw new io.cucumber.java.PendingException();
}
" type="io.cucumber.testng.UndefinedStepException">
      <![CDATA[io.cucumber.testng.UndefinedStepException: The step 'the user is on Health Monitors Page' and 5 other step(s) are undefined.
You can implement these steps using the snippet(s) below:

@Given("the user is on Health Monitors Page")
public void the_user_is_on_health_monitors_page() {
    // Write code here that turns the phrase above into concrete actions
    throw new io.cucumber.java.PendingException();
}
@When("the user clicks on Brands")
public void the_user_clicks_on_brands() {
    // Write code here that turns the phrase above into concrete actions
    throw new io.cucumber.java.PendingException();
}
@When("verify the Brands has multiple options")
public void verify_the_brands_has_multiple_options() {
    // Write code here that turns the phrase above into concrete actions
    throw new io.cucumber.java.PendingException();
}
@When("user click on ApolloPharmacy option")
public void user_click_on_apollo_pharmacy_option() {
    // Write code here that turns the phrase above into concrete actions
    throw new io.cucumber.java.PendingException();
}
@When("user click on Doctors choice option")
public void user_click_on_doctors_choice_option() {
    // Write code here that turns the phrase above into concrete actions
    throw new io.cucumber.java.PendingException();
}
@Then("user select multiple option at a time")
public void user_select_multiple_option_at_a_time() {
    // Write code here that turns the phrase above into concrete actions
    throw new io.cucumber.java.PendingException();
}

at ✽.the user is on Health Monitors Page(file:///C:/Training%20materials/JAVA/Apollo%20247/Apollo247/src/test/resources/Features/Profile.feature:10)
]]>
    </error>
  </testcase> <!-- runScenario -->
  <testcase classname="com.runner.TestRunnerTestNG" name="runScenario" time="25.981"/>
</testsuite> <!-- com.runner.TestRunnerTestNG -->
