<?xml version="1.0" encoding="UTF-8"?>
<!-- Generated by org.testng.reporters.JUnitReportReporter -->
<testsuite hostname="LIN-5CD53088L4" failures="0" tests="8" name="com.runner.TestRunnerTestNG" time="103.702" errors="0" timestamp="2025-11-17T20:11:20 IST" skipped="0">
  <testcase classname="com.runner.TestRunnerTestNG" name="runScenario" time="2.042"/>
  <testcase classname="com.runner.TestRunnerTestNG" name="runScenario" time="21.956"/>
  <testcase classname="com.runner.TestRunnerTestNG" name="runScenario" time="2.175"/>
  <testcase classname="com.runner.TestRunnerTestNG" name="runScenario" time="15.849"/>
  <testcase classname="com.runner.TestRunnerTestNG" name="runScenario" time="6.530"/>
  <testcase classname="com.runner.TestRunnerTestNG" name="runScenario" time="16.928"/>
  <testcase classname="com.runner.TestRunnerTestNG" name="runScenario" time="19.716"/>
  <testcase classname="com.runner.TestRunnerTestNG" name="runScenario" time="18.506"/>
</testsuite> <!-- com.runner.TestRunnerTestNG -->
