<?xml version="1.0" encoding="UTF-8"?>
<!-- Generated by org.testng.reporters.JUnitReportReporter -->
<testsuite hostname="LIN-5CD53088L4" failures="0" tests="7" name="com.runner.TestRunnerTestNG" time="108.605" errors="0" timestamp="2025-11-16T12:54:53 IST" skipped="0">
  <testcase classname="com.runner.TestRunnerTestNG" name="runScenario" time="18.285"/>
  <testcase classname="com.runner.TestRunnerTestNG" name="runScenario" time="24.343"/>
  <testcase classname="com.runner.TestRunnerTestNG" name="runScenario" time="3.968"/>
  <testcase classname="com.runner.TestRunnerTestNG" name="runScenario" time="21.813"/>
  <testcase classname="com.runner.TestRunnerTestNG" name="runScenario" time="15.858"/>
  <testcase classname="com.runner.TestRunnerTestNG" name="runScenario" time="4.723"/>
  <testcase classname="com.runner.TestRunnerTestNG" name="runScenario" time="19.615"/>
</testsuite> <!-- com.runner.TestRunnerTestNG -->
