<?xml version="1.0" encoding="UTF-8"?>
<testng-results ignored="0" total="5" passed="5" failed="0" skipped="0">
  <reporter-output>
  </reporter-output>
  <suite started-at="2025-11-13T22:59:11 IST" name="Default suite" finished-at="2025-11-13T23:00:44 IST" duration-ms="93126">
    <groups>
      <group name="cucumber">
        <method signature="AbstractTestNGCucumberTests.runScenario(io.cucumber.testng.PickleWrapper,io.cucumber.testng.FeatureWrapper)[pri:0, instance:com.runner.TestRunnerTestNG@f381794]" name="runScenario" class="io.cucumber.testng.AbstractTestNGCucumberTests"/>
      </group> <!-- cucumber -->
    </groups>
    <test started-at="2025-11-13T22:59:11 IST" name="Default test" finished-at="2025-11-13T23:00:44 IST" duration-ms="93126">
      <class name="com.runner.TestRunnerTestNG">
        <test-method is-config="true" signature="setUpClass(org.testng.ITestContext)[pri:0, instance:com.runner.TestRunnerTestNG@f381794]" started-at="2025-11-13T22:59:11 IST" name="setUpClass" finished-at="2025-11-13T22:59:12 IST" duration-ms="907" status="PASS">
          <params>
            <param index="0">
              <value>
                <![CDATA[org.testng.TestRunner@37c5284a]]>
              </value>
            </param>
          </params>
          <reporter-output>
          </reporter-output>
        </test-method> <!-- setUpClass -->
        <test-method signature="runScenario(io.cucumber.testng.PickleWrapper,io.cucumber.testng.FeatureWrapper)[pri:0, instance:com.runner.TestRunnerTestNG@f381794]" started-at="2025-11-13T22:59:12 IST" name="runScenario" description="Runs Cucumber Scenarios" data-provider="scenarios" finished-at="2025-11-13T22:59:30 IST" duration-ms="18390" status="PASS">
          <params>
            <param index="0">
              <value>
                <![CDATA["User Landing on HomePage"]]>
              </value>
            </param>
            <param index="1">
              <value>
                <![CDATA["Shop by Category Functionality"]]>
              </value>
            </param>
          </params>
          <reporter-output>
          </reporter-output>
        </test-method> <!-- runScenario -->
        <test-method signature="runScenario(io.cucumber.testng.PickleWrapper,io.cucumber.testng.FeatureWrapper)[pri:0, instance:com.runner.TestRunnerTestNG@f381794]" started-at="2025-11-13T22:59:30 IST" name="runScenario" description="Runs Cucumber Scenarios" data-provider="scenarios" finished-at="2025-11-13T22:59:52 IST" duration-ms="21675" status="PASS">
          <params>
            <param index="0">
              <value>
                <![CDATA["user Landing on HealthMonitors Page"]]>
              </value>
            </param>
            <param index="1">
              <value>
                <![CDATA["Shop by Category Functionality"]]>
              </value>
            </param>
          </params>
          <reporter-output>
          </reporter-output>
        </test-method> <!-- runScenario -->
        <test-method signature="runScenario(io.cucumber.testng.PickleWrapper,io.cucumber.testng.FeatureWrapper)[pri:0, instance:com.runner.TestRunnerTestNG@f381794]" started-at="2025-11-13T22:59:52 IST" name="runScenario" description="Runs Cucumber Scenarios" data-provider="scenarios" finished-at="2025-11-13T23:00:08 IST" duration-ms="15473" status="PASS">
          <params>
            <param index="0">
              <value>
                <![CDATA["user Landing on Nutritional Drinks and Supplements page"]]>
              </value>
            </param>
            <param index="1">
              <value>
                <![CDATA["Shop by Category Functionality"]]>
              </value>
            </param>
          </params>
          <reporter-output>
          </reporter-output>
        </test-method> <!-- runScenario -->
        <test-method signature="runScenario(io.cucumber.testng.PickleWrapper,io.cucumber.testng.FeatureWrapper)[pri:0, instance:com.runner.TestRunnerTestNG@f381794]" started-at="2025-11-13T23:00:08 IST" name="runScenario" description="Runs Cucumber Scenarios" data-provider="scenarios" finished-at="2025-11-13T23:00:26 IST" duration-ms="18714" status="PASS">
          <params>
            <param index="0">
              <value>
                <![CDATA["user Landing on sports nutrition page"]]>
              </value>
            </param>
            <param index="1">
              <value>
                <![CDATA["Shop by Category Functionality"]]>
              </value>
            </param>
          </params>
          <reporter-output>
          </reporter-output>
        </test-method> <!-- runScenario -->
        <test-method signature="runScenario(io.cucumber.testng.PickleWrapper,io.cucumber.testng.FeatureWrapper)[pri:0, instance:com.runner.TestRunnerTestNG@f381794]" started-at="2025-11-13T23:00:26 IST" name="runScenario" description="Runs Cucumber Scenarios" data-provider="scenarios" finished-at="2025-11-13T23:00:44 IST" duration-ms="17774" status="PASS">
          <params>
            <param index="0">
              <value>
                <![CDATA["user Landing on sports nutrition page"]]>
              </value>
            </param>
            <param index="1">
              <value>
                <![CDATA["Shop by Category Functionality"]]>
              </value>
            </param>
          </params>
          <reporter-output>
          </reporter-output>
        </test-method> <!-- runScenario -->
        <test-method is-config="true" signature="tearDownClass()[pri:0, instance:com.runner.TestRunnerTestNG@f381794]" started-at="2025-11-13T23:00:44 IST" name="tearDownClass" finished-at="2025-11-13T23:00:44 IST" duration-ms="126" status="PASS">
          <reporter-output>
          </reporter-output>
        </test-method> <!-- tearDownClass -->
      </class> <!-- com.runner.TestRunnerTestNG -->
    </test> <!-- Default test -->
  </suite> <!-- Default suite -->
</testng-results>
