<?xml version="1.0" encoding="UTF-8"?>
<testng-results ignored="0" total="7" passed="7" failed="0" skipped="0">
  <reporter-output>
  </reporter-output>
  <suite started-at="2025-11-16T12:53:03 IST" name="Default suite" finished-at="2025-11-16T12:54:52 IST" duration-ms="109776">
    <groups>
      <group name="cucumber">
        <method signature="AbstractTestNGCucumberTests.runScenario(io.cucumber.testng.PickleWrapper,io.cucumber.testng.FeatureWrapper)[pri:0, instance:com.runner.TestRunnerTestNG@f381794]" name="runScenario" class="io.cucumber.testng.AbstractTestNGCucumberTests"/>
      </group> <!-- cucumber -->
    </groups>
    <test started-at="2025-11-16T12:53:03 IST" name="Default test" finished-at="2025-11-16T12:54:52 IST" duration-ms="109776">
      <class name="com.runner.TestRunnerTestNG">
        <test-method is-config="true" signature="setUpClass(org.testng.ITestContext)[pri:0, instance:com.runner.TestRunnerTestNG@f381794]" started-at="2025-11-16T12:53:03 IST" name="setUpClass" finished-at="2025-11-16T12:53:04 IST" duration-ms="938" status="PASS">
          <params>
            <param index="0">
              <value>
                <![CDATA[org.testng.TestRunner@3380ca3d]]>
              </value>
            </param>
          </params>
          <reporter-output>
          </reporter-output>
        </test-method> <!-- setUpClass -->
        <test-method signature="runScenario(io.cucumber.testng.PickleWrapper,io.cucumber.testng.FeatureWrapper)[pri:0, instance:com.runner.TestRunnerTestNG@f381794]" started-at="2025-11-16T12:53:04 IST" name="runScenario" description="Runs Cucumber Scenarios" data-provider="scenarios" finished-at="2025-11-16T12:53:28 IST" duration-ms="24343" status="PASS">
          <params>
            <param index="0">
              <value>
                <![CDATA["User Landing on HomePage"]]>
              </value>
            </param>
            <param index="1">
              <value>
                <![CDATA["Shop by Category Functionality"]]>
              </value>
            </param>
          </params>
          <reporter-output>
          </reporter-output>
        </test-method> <!-- runScenario -->
        <test-method signature="runScenario(io.cucumber.testng.PickleWrapper,io.cucumber.testng.FeatureWrapper)[pri:0, instance:com.runner.TestRunnerTestNG@f381794]" started-at="2025-11-16T12:53:28 IST" name="runScenario" description="Runs Cucumber Scenarios" data-provider="scenarios" finished-at="2025-11-16T12:53:50 IST" duration-ms="21813" status="PASS">
          <params>
            <param index="0">
              <value>
                <![CDATA["user Landing on HealthMonitors Page"]]>
              </value>
            </param>
            <param index="1">
              <value>
                <![CDATA["Shop by Category Functionality"]]>
              </value>
            </param>
          </params>
          <reporter-output>
          </reporter-output>
        </test-method> <!-- runScenario -->
        <test-method signature="runScenario(io.cucumber.testng.PickleWrapper,io.cucumber.testng.FeatureWrapper)[pri:0, instance:com.runner.TestRunnerTestNG@f381794]" started-at="2025-11-16T12:53:50 IST" name="runScenario" description="Runs Cucumber Scenarios" data-provider="scenarios" finished-at="2025-11-16T12:54:06 IST" duration-ms="15858" status="PASS">
          <params>
            <param index="0">
              <value>
                <![CDATA["user Landing on Nutritional Drinks and Supplements page"]]>
              </value>
            </param>
            <param index="1">
              <value>
                <![CDATA["Shop by Category Functionality"]]>
              </value>
            </param>
          </params>
          <reporter-output>
          </reporter-output>
        </test-method> <!-- runScenario -->
        <test-method signature="runScenario(io.cucumber.testng.PickleWrapper,io.cucumber.testng.FeatureWrapper)[pri:0, instance:com.runner.TestRunnerTestNG@f381794]" started-at="2025-11-16T12:54:06 IST" name="runScenario" description="Runs Cucumber Scenarios" data-provider="scenarios" finished-at="2025-11-16T12:54:25 IST" duration-ms="19615" status="PASS">
          <params>
            <param index="0">
              <value>
                <![CDATA["user Landing on sports nutrition page"]]>
              </value>
            </param>
            <param index="1">
              <value>
                <![CDATA["Shop by Category Functionality"]]>
              </value>
            </param>
          </params>
          <reporter-output>
          </reporter-output>
        </test-method> <!-- runScenario -->
        <test-method signature="runScenario(io.cucumber.testng.PickleWrapper,io.cucumber.testng.FeatureWrapper)[pri:0, instance:com.runner.TestRunnerTestNG@f381794]" started-at="2025-11-16T12:54:25 IST" name="runScenario" description="Runs Cucumber Scenarios" data-provider="scenarios" finished-at="2025-11-16T12:54:43 IST" duration-ms="18285" status="PASS">
          <params>
            <param index="0">
              <value>
                <![CDATA["user Landing on sports nutrition page"]]>
              </value>
            </param>
            <param index="1">
              <value>
                <![CDATA["Shop by Category Functionality"]]>
              </value>
            </param>
          </params>
          <reporter-output>
          </reporter-output>
        </test-method> <!-- runScenario -->
        <test-method signature="runScenario(io.cucumber.testng.PickleWrapper,io.cucumber.testng.FeatureWrapper)[pri:0, instance:com.runner.TestRunnerTestNG@f381794]" started-at="2025-11-16T12:54:43 IST" name="runScenario" description="Runs Cucumber Scenarios" data-provider="scenarios" finished-at="2025-11-16T12:54:48 IST" duration-ms="4723" status="PASS">
          <params>
            <param index="0">
              <value>
                <![CDATA["user Landing on Home Essentials page"]]>
              </value>
            </param>
            <param index="1">
              <value>
                <![CDATA["Shop by Category Functionality"]]>
              </value>
            </param>
          </params>
          <reporter-output>
          </reporter-output>
        </test-method> <!-- runScenario -->
        <test-method signature="runScenario(io.cucumber.testng.PickleWrapper,io.cucumber.testng.FeatureWrapper)[pri:0, instance:com.runner.TestRunnerTestNG@f381794]" started-at="2025-11-16T12:54:48 IST" name="runScenario" description="Runs Cucumber Scenarios" data-provider="scenarios" finished-at="2025-11-16T12:54:52 IST" duration-ms="3968" status="PASS">
          <params>
            <param index="0">
              <value>
                <![CDATA["user Landing on Home Essentials page"]]>
              </value>
            </param>
            <param index="1">
              <value>
                <![CDATA["Shop by Category Functionality"]]>
              </value>
            </param>
          </params>
          <reporter-output>
          </reporter-output>
        </test-method> <!-- runScenario -->
        <test-method is-config="true" signature="tearDownClass()[pri:0, instance:com.runner.TestRunnerTestNG@f381794]" started-at="2025-11-16T12:54:52 IST" name="tearDownClass" finished-at="2025-11-16T12:54:52 IST" duration-ms="149" status="PASS">
          <reporter-output>
          </reporter-output>
        </test-method> <!-- tearDownClass -->
      </class> <!-- com.runner.TestRunnerTestNG -->
    </test> <!-- Default test -->
  </suite> <!-- Default suite -->
</testng-results>
