<?xml version="1.0" encoding="UTF-8"?>
<testng-results ignored="0" total="3" passed="3" failed="0" skipped="0">
  <reporter-output>
  </reporter-output>
  <suite started-at="2025-11-12T21:50:43 IST" name="Default suite" finished-at="2025-11-12T21:51:44 IST" duration-ms="60840">
    <groups>
      <group name="cucumber">
        <method signature="AbstractTestNGCucumberTests.runScenario(io.cucumber.testng.PickleWrapper,io.cucumber.testng.FeatureWrapper)[pri:0, instance:com.runner.TestRunnerTestNG@f381794]" name="runScenario" class="io.cucumber.testng.AbstractTestNGCucumberTests"/>
      </group> <!-- cucumber -->
    </groups>
    <test started-at="2025-11-12T21:50:43 IST" name="Default test" finished-at="2025-11-12T21:51:44 IST" duration-ms="60840">
      <class name="com.runner.TestRunnerTestNG">
        <test-method is-config="true" signature="setUpClass(org.testng.ITestContext)[pri:0, instance:com.runner.TestRunnerTestNG@f381794]" started-at="2025-11-12T21:50:43 IST" name="setUpClass" finished-at="2025-11-12T21:50:44 IST" duration-ms="702" status="PASS">
          <params>
            <param index="0">
              <value>
                <![CDATA[org.testng.TestRunner@71ad3d8a]]>
              </value>
            </param>
          </params>
          <reporter-output>
          </reporter-output>
        </test-method> <!-- setUpClass -->
        <test-method signature="runScenario(io.cucumber.testng.PickleWrapper,io.cucumber.testng.FeatureWrapper)[pri:0, instance:com.runner.TestRunnerTestNG@f381794]" started-at="2025-11-12T21:50:44 IST" name="runScenario" description="Runs Cucumber Scenarios" data-provider="scenarios" finished-at="2025-11-12T21:51:07 IST" duration-ms="22766" status="PASS">
          <params>
            <param index="0">
              <value>
                <![CDATA["User Landing on HomePage"]]>
              </value>
            </param>
            <param index="1">
              <value>
                <![CDATA["Shop by Category Functionality"]]>
              </value>
            </param>
          </params>
          <reporter-output>
          </reporter-output>
        </test-method> <!-- runScenario -->
        <test-method signature="runScenario(io.cucumber.testng.PickleWrapper,io.cucumber.testng.FeatureWrapper)[pri:0, instance:com.runner.TestRunnerTestNG@f381794]" started-at="2025-11-12T21:51:07 IST" name="runScenario" description="Runs Cucumber Scenarios" data-provider="scenarios" finished-at="2025-11-12T21:51:29 IST" duration-ms="21738" status="PASS">
          <params>
            <param index="0">
              <value>
                <![CDATA["user Landing on HealthMonitors Page"]]>
              </value>
            </param>
            <param index="1">
              <value>
                <![CDATA["Shop by Category Functionality"]]>
              </value>
            </param>
          </params>
          <reporter-output>
          </reporter-output>
        </test-method> <!-- runScenario -->
        <test-method signature="runScenario(io.cucumber.testng.PickleWrapper,io.cucumber.testng.FeatureWrapper)[pri:0, instance:com.runner.TestRunnerTestNG@f381794]" started-at="2025-11-12T21:51:29 IST" name="runScenario" description="Runs Cucumber Scenarios" data-provider="scenarios" finished-at="2025-11-12T21:51:44 IST" duration-ms="15476" status="PASS">
          <params>
            <param index="0">
              <value>
                <![CDATA["user Landing on Nutritional Drinks and Supplements page"]]>
              </value>
            </param>
            <param index="1">
              <value>
                <![CDATA["Shop by Category Functionality"]]>
              </value>
            </param>
          </params>
          <reporter-output>
          </reporter-output>
        </test-method> <!-- runScenario -->
        <test-method is-config="true" signature="tearDownClass()[pri:0, instance:com.runner.TestRunnerTestNG@f381794]" started-at="2025-11-12T21:51:44 IST" name="tearDownClass" finished-at="2025-11-12T21:51:44 IST" duration-ms="99" status="PASS">
          <reporter-output>
          </reporter-output>
        </test-method> <!-- tearDownClass -->
      </class> <!-- com.runner.TestRunnerTestNG -->
    </test> <!-- Default test -->
  </suite> <!-- Default suite -->
</testng-results>
