<?xml version="1.0" encoding="UTF-8"?>
<!-- Generated by org.testng.reporters.JUnitReportReporter -->
<testsuite hostname="LIN-5CD53088JM" failures="0" tests="2" name="com.runner.TestRunnerTestNG" time="5.894" errors="2" timestamp="2025-11-12T22:41:20 IST" skipped="0">
  <testcase classname="com.runner.TestRunnerTestNG" name="runScenario" time="3.447">
    <error type="java.lang.NullPointerException">
      <![CDATA[java.lang.NullPointerException
at java.base/java.util.Objects.requireNonNull(Objects.java:220)
at java.base/java.util.ImmutableCollections$Map1.<init>(ImmutableCollections.java:1114)
at java.base/java.util.Map.of(Map.java:1364)
at org.openqa.selenium.remote.DriverCommand.GET(DriverCommand.java:176)
at org.openqa.selenium.remote.RemoteWebDriver.get(RemoteWebDriver.java:312)
at com.stepDefinitionTestNG.ApolloSteps.user_opens_homepage(ApolloSteps.java:32)
at ✽.User opens Apollo Pharmacy homepage(file:///C:/Training/JAVA/Apollo%2024by7/Apollo247/./src/test/resources/com/features/ApolloBooking.feature:4)
]]>
    </error>
  </testcase> <!-- runScenario -->
  <testcase classname="com.runner.TestRunnerTestNG" name="runScenario" time="2.447">
    <error type="java.lang.NullPointerException">
      <![CDATA[java.lang.NullPointerException
at java.base/java.util.Objects.requireNonNull(Objects.java:220)
at java.base/java.util.ImmutableCollections$Map1.<init>(ImmutableCollections.java:1114)
at java.base/java.util.Map.of(Map.java:1364)
at org.openqa.selenium.remote.DriverCommand.GET(DriverCommand.java:176)
at org.openqa.selenium.remote.RemoteWebDriver.get(RemoteWebDriver.java:312)
at com.stepDefinitionTestNG.ApolloSteps.user_opens_homepage(ApolloSteps.java:32)
at ✽.User opens Apollo Pharmacy homepage(file:///C:/Training/JAVA/Apollo%2024by7/Apollo247/./src/test/resources/com/features/ApolloBooking.feature:9)
]]>
    </error>
  </testcase> <!-- runScenario -->
</testsuite> <!-- com.runner.TestRunnerTestNG -->
