<?xml version="1.0" encoding="UTF-8"?>
<!-- Generated by org.testng.reporters.JUnitXMLReporter -->
<testsuite ignored="0" hostname="LIN-5CD53088L0" failures="1" tests="1" name="Cucumber Tests" time="0.958" errors="0" timestamp="2025-11-10T14:05:23 IST">
  <testcase classname="io.cucumber.testng.AbstractTestNGCucumberTests" name="runScenario" time="0.14">
    <failure type="java.lang.ExceptionInInitializerError">
      <![CDATA[java.lang.ExceptionInInitializerError
at com.stepDefinitionTestNG.LabTestsNavigationSteps.user_is_on_apollo247_homepage(LabTestsNavigationSteps.java:20)
at ✽.user is on Apollo247 Homepage(file:///C:/TRAINING/JAVA/Apollo247/Apollo247/src/test/resources/com/Features/LabTestsNavigation.feature:7)
Caused by: java.lang.RuntimeException: Failed to load properties file!
at com.parameters.PropertyReader.<clinit>(PropertyReader.java:17)
... 2 more
]]>
    </failure>
  </testcase> <!-- runScenario -->
</testsuite> <!-- Cucumber Tests -->
