<?xml version="1.0" encoding="UTF-8"?>
<!-- Generated by org.testng.reporters.JUnitXMLReporter -->
<testsuite ignored="0" hostname="LIN-5CD53088KQ" failures="2" tests="6" name="Default test" time="77.639" errors="0" timestamp="2025-11-14T22:41:46 IST">
  <testcase classname="io.cucumber.testng.AbstractTestNGCucumberTests" name="runScenario" time="8.603"/>
  <testcase classname="io.cucumber.testng.AbstractTestNGCucumberTests" name="runScenario" time="8.155"/>
  <testcase classname="io.cucumber.testng.AbstractTestNGCucumberTests" name="runScenario" time="10.384"/>
  <testcase classname="io.cucumber.testng.AbstractTestNGCucumberTests" name="runScenario" time="10.062"/>
  <testcase classname="io.cucumber.testng.AbstractTestNGCucumberTests" name="runScenario" time="27.46">
    <failure type="java.lang.RuntimeException" message="Failed to enter pincode from Excel">
      <![CDATA[java.lang.RuntimeException: Failed to enter pincode from Excel
at com.stepDefinitionTestNG.Profile.the_user_enters_the_pincode_from_sheet_and_row(Profile.java:391)
at ✽.the user enters the pincode from sheet 1 and row 0(file:///C:/Users/koyyad/eclipse-workspace/Apollo247/Apollo247/src/test/resources/Features/CircleMembership.feature:65)
]]>
    </failure>
  </testcase> <!-- runScenario -->
  <testcase classname="io.cucumber.testng.AbstractTestNGCucumberTests" name="runScenario" time="12.049">
    <failure type="java.lang.RuntimeException" message="Failed to enter pincode from Excel">
      <![CDATA[java.lang.RuntimeException: Failed to enter pincode from Excel
at com.stepDefinitionTestNG.Profile.the_user_enters_the_pincode_from_sheet_and_row(Profile.java:391)
at ✽.the user enters the pincode from sheet 1 and row 1(file:///C:/Users/koyyad/eclipse-workspace/Apollo247/Apollo247/src/test/resources/Features/CircleMembership.feature:65)
]]>
    </failure>
  </testcase> <!-- runScenario -->
</testsuite> <!-- Default test -->
