<?xml version="1.0" encoding="UTF-8"?>
<!-- Generated by org.testng.reporters.JUnitXMLReporter -->
<testsuite ignored="0" hostname="LIN-5CD53088KQ" failures="1" tests="3" name="Default test" time="29.997" errors="0" timestamp="2025-11-13T23:29:22 IST">
  <testcase classname="io.cucumber.testng.AbstractTestNGCucumberTests" name="runScenario" time="9.227"/>
  <testcase classname="io.cucumber.testng.AbstractTestNGCucumberTests" name="runScenario" time="8.755"/>
  <testcase classname="io.cucumber.testng.AbstractTestNGCucumberTests" name="runScenario" time="11.075">
    <failure type="java.lang.RuntimeException" message="Failed to enter coupon code from Excel">
      <![CDATA[java.lang.RuntimeException: Failed to enter coupon code from Excel
at com.stepDefinitionTestNG.Profile.the_user_enters_coupon_code_from(Profile.java:275)
at ✽.the user enters coupon code from 0(file:///C:/Users/koyyad/eclipse-workspace/Apollo247/Apollo247/src/test/resources/Features/CircleMembership.feature:42)
]]>
    </failure>
  </testcase> <!-- runScenario -->
</testsuite> <!-- Default test -->
