<?xml version="1.0" encoding="UTF-8"?>
<!-- Generated by org.testng.reporters.JUnitXMLReporter -->
<testsuite ignored="0" hostname="LIN-5CD53088KQ" failures="1" tests="1" name="Default test" time="12.199" errors="0" timestamp="2025-11-11T23:06:27 IST">
  <testcase classname="io.cucumber.testng.AbstractTestNGCucumberTests" name="runScenario" time="11.324">
    <failure type="java.lang.NullPointerException" message="Cannot invoke &amp;quot;org.openqa.selenium.support.ui.WebDriverWait.until(java.util.function.Function)&amp;quot; because &amp;quot;this.wait&amp;quot; is null">
      <![CDATA[java.lang.NullPointerException: Cannot invoke "org.openqa.selenium.support.ui.WebDriverWait.until(java.util.function.Function)" because "this.wait" is null
at com.stepDefinitionTestNG.Profile.the_circle_membership_page_is_visible(Profile.java:37)
at ✽.the circle membership page is visible(file:///C:/Users/koyyad/eclipse-workspace/Apollo247/Apollo247/src/test/resources/Features/CircleMembership.feature:7)
]]>
    </failure>
  </testcase> <!-- runScenario -->
</testsuite> <!-- Default test -->
