<?xml version="1.0" encoding="UTF-8"?>
<testng-results ignored="0" total="2" passed="0" failed="2" skipped="0">
  <reporter-output>
  </reporter-output>
  <suite started-at="2025-11-12T22:41:13 IST" name="Default suite" finished-at="2025-11-12T22:41:20 IST" duration-ms="7068">
    <groups>
      <group name="cucumber">
        <method signature="AbstractTestNGCucumberTests.runScenario(io.cucumber.testng.PickleWrapper,io.cucumber.testng.FeatureWrapper)[pri:0, instance:com.runner.TestRunnerTestNG@51f116b8]" name="runScenario" class="io.cucumber.testng.AbstractTestNGCucumberTests"/>
      </group> <!-- cucumber -->
    </groups>
    <test started-at="2025-11-12T22:41:13 IST" name="Default test" finished-at="2025-11-12T22:41:20 IST" duration-ms="7068">
      <class name="com.runner.TestRunnerTestNG">
        <test-method is-config="true" signature="setUpClass(org.testng.ITestContext)[pri:0, instance:com.runner.TestRunnerTestNG@51f116b8]" started-at="2025-11-12T22:41:13 IST" name="setUpClass" finished-at="2025-11-12T22:41:14 IST" duration-ms="1083" status="PASS">
          <params>
            <param index="0">
              <value>
                <![CDATA[org.testng.TestRunner@68fe48d7]]>
              </value>
            </param>
          </params>
          <reporter-output>
          </reporter-output>
        </test-method> <!-- setUpClass -->
        <test-method signature="runScenario(io.cucumber.testng.PickleWrapper,io.cucumber.testng.FeatureWrapper)[pri:0, instance:com.runner.TestRunnerTestNG@51f116b8]" started-at="2025-11-12T22:41:14 IST" name="runScenario" description="Runs Cucumber Scenarios" data-provider="scenarios" finished-at="2025-11-12T22:41:18 IST" duration-ms="3447" status="FAIL">
          <params>
            <param index="0">
              <value>
                <![CDATA["Verify Find Doctors page and search bar visibility"]]>
              </value>
            </param>
            <param index="1">
              <value>
                <![CDATA["Validate Find Doctors functionality on Apollo Pharmacy website"]]>
              </value>
            </param>
          </params>
          <exception class="java.lang.NullPointerException">
            <full-stacktrace>
              <![CDATA[java.lang.NullPointerException
at java.base/java.util.Objects.requireNonNull(Objects.java:220)
at java.base/java.util.ImmutableCollections$Map1.<init>(ImmutableCollections.java:1114)
at java.base/java.util.Map.of(Map.java:1364)
at org.openqa.selenium.remote.DriverCommand.GET(DriverCommand.java:176)
at org.openqa.selenium.remote.RemoteWebDriver.get(RemoteWebDriver.java:312)
at com.stepDefinitionTestNG.ApolloSteps.user_opens_homepage(ApolloSteps.java:32)
at ✽.User opens Apollo Pharmacy homepage(file:///C:/Training/JAVA/Apollo%2024by7/Apollo247/./src/test/resources/com/features/ApolloBooking.feature:4)
]]>
            </full-stacktrace>
          </exception> <!-- java.lang.NullPointerException -->
          <reporter-output>
          </reporter-output>
        </test-method> <!-- runScenario -->
        <test-method signature="runScenario(io.cucumber.testng.PickleWrapper,io.cucumber.testng.FeatureWrapper)[pri:0, instance:com.runner.TestRunnerTestNG@51f116b8]" started-at="2025-11-12T22:41:18 IST" name="runScenario" description="Runs Cucumber Scenarios" data-provider="scenarios" finished-at="2025-11-12T22:41:20 IST" duration-ms="2447" status="FAIL">
          <params>
            <param index="0">
              <value>
                <![CDATA["Validate Browse by Specialty and navigate to Dermatology doctors"]]>
              </value>
            </param>
            <param index="1">
              <value>
                <![CDATA["Validate Find Doctors functionality on Apollo Pharmacy website"]]>
              </value>
            </param>
          </params>
          <exception class="java.lang.NullPointerException">
            <full-stacktrace>
              <![CDATA[java.lang.NullPointerException
at java.base/java.util.Objects.requireNonNull(Objects.java:220)
at java.base/java.util.ImmutableCollections$Map1.<init>(ImmutableCollections.java:1114)
at java.base/java.util.Map.of(Map.java:1364)
at org.openqa.selenium.remote.DriverCommand.GET(DriverCommand.java:176)
at org.openqa.selenium.remote.RemoteWebDriver.get(RemoteWebDriver.java:312)
at com.stepDefinitionTestNG.ApolloSteps.user_opens_homepage(ApolloSteps.java:32)
at ✽.User opens Apollo Pharmacy homepage(file:///C:/Training/JAVA/Apollo%2024by7/Apollo247/./src/test/resources/com/features/ApolloBooking.feature:9)
]]>
            </full-stacktrace>
          </exception> <!-- java.lang.NullPointerException -->
          <reporter-output>
          </reporter-output>
        </test-method> <!-- runScenario -->
        <test-method is-config="true" signature="tearDownClass()[pri:0, instance:com.runner.TestRunnerTestNG@51f116b8]" started-at="2025-11-12T22:41:20 IST" name="tearDownClass" finished-at="2025-11-12T22:41:20 IST" duration-ms="33" status="PASS">
          <reporter-output>
          </reporter-output>
        </test-method> <!-- tearDownClass -->
      </class> <!-- com.runner.TestRunnerTestNG -->
    </test> <!-- Default test -->
  </suite> <!-- Default suite -->
</testng-results>
