<?xml version="1.0" encoding="UTF-8"?>
<testng-results ignored="0" total="6" passed="6" failed="0" skipped="0">
  <reporter-output>
  </reporter-output>
  <suite started-at="2025-11-16T21:39:04 IST" name="Default suite" finished-at="2025-11-16T21:40:11 IST" duration-ms="67618">
    <groups>
      <group name="cucumber">
        <method signature="AbstractTestNGCucumberTests.runScenario(io.cucumber.testng.PickleWrapper,io.cucumber.testng.FeatureWrapper)[pri:0, instance:com.runner.TestRunnerTestNG@7e9131d5]" name="runScenario" class="io.cucumber.testng.AbstractTestNGCucumberTests"/>
      </group> <!-- cucumber -->
    </groups>
    <test started-at="2025-11-16T21:39:04 IST" name="Default test" finished-at="2025-11-16T21:40:11 IST" duration-ms="67618">
      <class name="com.runner.TestRunnerTestNG">
        <test-method is-config="true" signature="setUpClass(org.testng.ITestContext)[pri:0, instance:com.runner.TestRunnerTestNG@7e9131d5]" started-at="2025-11-16T21:39:04 IST" name="setUpClass" finished-at="2025-11-16T21:39:04 IST" duration-ms="940" status="PASS">
          <params>
            <param index="0">
              <value>
                <![CDATA[org.testng.TestRunner@6af609ea]]>
              </value>
            </param>
          </params>
          <reporter-output>
          </reporter-output>
        </test-method> <!-- setUpClass -->
        <test-method signature="runScenario(io.cucumber.testng.PickleWrapper,io.cucumber.testng.FeatureWrapper)[pri:0, instance:com.runner.TestRunnerTestNG@7e9131d5]" started-at="2025-11-16T21:39:05 IST" name="runScenario" description="Runs Cucumber Scenarios" data-provider="scenarios" finished-at="2025-11-16T21:39:12 IST" duration-ms="7975" status="PASS">
          <params>
            <param index="0">
              <value>
                <![CDATA["Clicking on Circle Membership opens the available Plans"]]>
              </value>
            </param>
            <param index="1">
              <value>
                <![CDATA["Circle Membership Functionality"]]>
              </value>
            </param>
          </params>
          <reporter-output>
          </reporter-output>
        </test-method> <!-- runScenario -->
        <test-method signature="runScenario(io.cucumber.testng.PickleWrapper,io.cucumber.testng.FeatureWrapper)[pri:0, instance:com.runner.TestRunnerTestNG@7e9131d5]" started-at="2025-11-16T21:39:12 IST" name="runScenario" description="Runs Cucumber Scenarios" data-provider="scenarios" finished-at="2025-11-16T21:39:20 IST" duration-ms="7194" status="PASS">
          <params>
            <param index="0">
              <value>
                <![CDATA["Navigate to Join Circle from CircleMembership"]]>
              </value>
            </param>
            <param index="1">
              <value>
                <![CDATA["Circle Membership Functionality"]]>
              </value>
            </param>
          </params>
          <reporter-output>
          </reporter-output>
        </test-method> <!-- runScenario -->
        <test-method signature="runScenario(io.cucumber.testng.PickleWrapper,io.cucumber.testng.FeatureWrapper)[pri:0, instance:com.runner.TestRunnerTestNG@7e9131d5]" started-at="2025-11-16T21:39:20 IST" name="runScenario" description="Runs Cucumber Scenarios" data-provider="scenarios" finished-at="2025-11-16T21:39:30 IST" duration-ms="10776" status="PASS">
          <params>
            <param index="0">
              <value>
                <![CDATA["Entering Coupons"]]>
              </value>
            </param>
            <param index="1">
              <value>
                <![CDATA["Circle Membership Functionality"]]>
              </value>
            </param>
          </params>
          <reporter-output>
          </reporter-output>
        </test-method> <!-- runScenario -->
        <test-method signature="runScenario(io.cucumber.testng.PickleWrapper,io.cucumber.testng.FeatureWrapper)[pri:0, instance:com.runner.TestRunnerTestNG@7e9131d5]" started-at="2025-11-16T21:39:30 IST" name="runScenario" description="Runs Cucumber Scenarios" data-provider="scenarios" finished-at="2025-11-16T21:39:44 IST" duration-ms="13073" status="PASS">
          <params>
            <param index="0">
              <value>
                <![CDATA["To view terms and Conditions"]]>
              </value>
            </param>
            <param index="1">
              <value>
                <![CDATA["Circle Membership Functionality"]]>
              </value>
            </param>
          </params>
          <reporter-output>
          </reporter-output>
        </test-method> <!-- runScenario -->
        <test-method signature="runScenario(io.cucumber.testng.PickleWrapper,io.cucumber.testng.FeatureWrapper)[pri:0, instance:com.runner.TestRunnerTestNG@7e9131d5]" started-at="2025-11-16T21:39:44 IST" name="runScenario" description="Runs Cucumber Scenarios" data-provider="scenarios" finished-at="2025-11-16T21:39:58 IST" duration-ms="14766" status="PASS">
          <params>
            <param index="0">
              <value>
                <![CDATA["To enter pincode"]]>
              </value>
            </param>
            <param index="1">
              <value>
                <![CDATA["Circle Membership Functionality"]]>
              </value>
            </param>
          </params>
          <reporter-output>
          </reporter-output>
        </test-method> <!-- runScenario -->
        <test-method signature="runScenario(io.cucumber.testng.PickleWrapper,io.cucumber.testng.FeatureWrapper)[pri:0, instance:com.runner.TestRunnerTestNG@7e9131d5]" started-at="2025-11-16T21:39:58 IST" name="runScenario" description="Runs Cucumber Scenarios" data-provider="scenarios" finished-at="2025-11-16T21:40:11 IST" duration-ms="12760" status="PASS">
          <params>
            <param index="0">
              <value>
                <![CDATA["To enter pincode"]]>
              </value>
            </param>
            <param index="1">
              <value>
                <![CDATA["Circle Membership Functionality"]]>
              </value>
            </param>
          </params>
          <reporter-output>
          </reporter-output>
        </test-method> <!-- runScenario -->
        <test-method is-config="true" signature="tearDownClass()[pri:0, instance:com.runner.TestRunnerTestNG@7e9131d5]" started-at="2025-11-16T21:40:11 IST" name="tearDownClass" finished-at="2025-11-16T21:40:11 IST" duration-ms="61" status="PASS">
          <reporter-output>
          </reporter-output>
        </test-method> <!-- tearDownClass -->
      </class> <!-- com.runner.TestRunnerTestNG -->
    </test> <!-- Default test -->
  </suite> <!-- Default suite -->
</testng-results>
