<?xml version="1.0" encoding="UTF-8"?>
<!-- Generated by org.testng.reporters.JUnitReportReporter -->
<testsuite hostname="LIN-5CD53088L0" failures="0" tests="2" name="com.runner.TestRunnerTestNG" time="62.063" errors="0" timestamp="2025-11-13T21:13:02 IST" skipped="0">
  <testcase classname="com.runner.TestRunnerTestNG" name="runScenario" time="32.307"/>
  <testcase classname="com.runner.TestRunnerTestNG" name="runScenario" time="29.756"/>
</testsuite> <!-- com.runner.TestRunnerTestNG -->
