<?xml version="1.0" encoding="UTF-8"?>
<!-- Generated by org.testng.reporters.JUnitReportReporter -->
<testsuite hostname="LIN-5CD53088KQ" failures="0" tests="6" name="com.runner.TestRunnerTestNG" time="76.713" errors="2" timestamp="2025-11-14T22:41:47 IST" skipped="0">
  <testcase classname="com.runner.TestRunnerTestNG" name="runScenario" time="8.603"/>
  <testcase classname="com.runner.TestRunnerTestNG" name="runScenario" time="8.155"/>
  <testcase classname="com.runner.TestRunnerTestNG" name="runScenario" time="27.460">
    <error message="Failed to enter pincode from Excel" type="java.lang.RuntimeException">
      <![CDATA[java.lang.RuntimeException: Failed to enter pincode from Excel
at com.stepDefinitionTestNG.Profile.the_user_enters_the_pincode_from_sheet_and_row(Profile.java:391)
at ✽.the user enters the pincode from sheet 1 and row 0(file:///C:/Users/koyyad/eclipse-workspace/Apollo247/Apollo247/src/test/resources/Features/CircleMembership.feature:65)
]]>
    </error>
  </testcase> <!-- runScenario -->
  <testcase classname="com.runner.TestRunnerTestNG" name="runScenario" time="12.049">
    <error message="Failed to enter pincode from Excel" type="java.lang.RuntimeException">
      <![CDATA[java.lang.RuntimeException: Failed to enter pincode from Excel
at com.stepDefinitionTestNG.Profile.the_user_enters_the_pincode_from_sheet_and_row(Profile.java:391)
at ✽.the user enters the pincode from sheet 1 and row 1(file:///C:/Users/koyyad/eclipse-workspace/Apollo247/Apollo247/src/test/resources/Features/CircleMembership.feature:65)
]]>
    </error>
  </testcase> <!-- runScenario -->
  <testcase classname="com.runner.TestRunnerTestNG" name="runScenario" time="10.384"/>
  <testcase classname="com.runner.TestRunnerTestNG" name="runScenario" time="10.062"/>
</testsuite> <!-- com.runner.TestRunnerTestNG -->
