<?xml version="1.0" encoding="UTF-8"?>
<!-- Generated by org.testng.reporters.JUnitReportReporter -->
<testsuite hostname="LIN-5CD53088L0" failures="0" tests="7" name="com.runner.TestRunnerTestNG" time="285.669" errors="0" timestamp="2025-11-14T18:05:01 IST" skipped="0">
  <testcase classname="com.runner.TestRunnerTestNG" name="runScenario" time="12.155"/>
  <testcase classname="com.runner.TestRunnerTestNG" name="runScenario" time="31.066"/>
  <testcase classname="com.runner.TestRunnerTestNG" name="runScenario" time="11.866"/>
  <testcase classname="com.runner.TestRunnerTestNG" name="runScenario" time="13.452"/>
  <testcase classname="com.runner.TestRunnerTestNG" name="runScenario" time="12.308"/>
  <testcase classname="com.runner.TestRunnerTestNG" name="runScenario" time="101.865"/>
  <testcase classname="com.runner.TestRunnerTestNG" name="runScenario" time="102.957"/>
</testsuite> <!-- com.runner.TestRunnerTestNG -->
