<?xml version="1.0" encoding="UTF-8"?>
<!-- Generated by org.testng.reporters.JUnitReportReporter -->
<testsuite hostname="LIN-5CD53088KQ" failures="0" tests="3" name="com.runner.TestRunnerTestNG" time="29.057" errors="1" timestamp="2025-11-13T23:29:22 IST" skipped="0">
  <testcase classname="com.runner.TestRunnerTestNG" name="runScenario" time="11.075">
    <error message="Failed to enter coupon code from Excel" type="java.lang.RuntimeException">
      <![CDATA[java.lang.RuntimeException: Failed to enter coupon code from Excel
at com.stepDefinitionTestNG.Profile.the_user_enters_coupon_code_from(Profile.java:275)
at ✽.the user enters coupon code from 0(file:///C:/Users/koyyad/eclipse-workspace/Apollo247/Apollo247/src/test/resources/Features/CircleMembership.feature:42)
]]>
    </error>
  </testcase> <!-- runScenario -->
  <testcase classname="com.runner.TestRunnerTestNG" name="runScenario" time="8.755"/>
  <testcase classname="com.runner.TestRunnerTestNG" name="runScenario" time="9.227"/>
</testsuite> <!-- com.runner.TestRunnerTestNG -->
