<?xml version="1.0" encoding="UTF-8"?>
<!-- Generated by org.testng.reporters.JUnitReportReporter -->
<testsuite hostname="LIN-5CD53088KQ" failures="0" tests="6" name="com.runner.TestRunnerTestNG" time="66.544" errors="0" timestamp="2025-11-16T21:40:12 IST" skipped="0">
  <testcase classname="com.runner.TestRunnerTestNG" name="runScenario" time="14.766"/>
  <testcase classname="com.runner.TestRunnerTestNG" name="runScenario" time="7.975"/>
  <testcase classname="com.runner.TestRunnerTestNG" name="runScenario" time="10.776"/>
  <testcase classname="com.runner.TestRunnerTestNG" name="runScenario" time="13.073"/>
  <testcase classname="com.runner.TestRunnerTestNG" name="runScenario" time="12.760"/>
  <testcase classname="com.runner.TestRunnerTestNG" name="runScenario" time="7.194"/>
</testsuite> <!-- com.runner.TestRunnerTestNG -->
