<?xml version="1.0" encoding="UTF-8"?>
<!-- Generated by org.testng.reporters.JUnitReportReporter -->
<testsuite hostname="LIN-5CD53088L0" failures="0" tests="6" name="com.runner.TestRunnerTestNG" time="112.051" errors="0" timestamp="2025-11-13T19:47:41 IST" skipped="0">
  <testcase classname="com.runner.TestRunnerTestNG" name="runScenario" time="11.106"/>
  <testcase classname="com.runner.TestRunnerTestNG" name="runScenario" time="14.608"/>
  <testcase classname="com.runner.TestRunnerTestNG" name="runScenario" time="28.881"/>
  <testcase classname="com.runner.TestRunnerTestNG" name="runScenario" time="14.164"/>
  <testcase classname="com.runner.TestRunnerTestNG" name="runScenario" time="29.706"/>
  <testcase classname="com.runner.TestRunnerTestNG" name="runScenario" time="13.586"/>
</testsuite> <!-- com.runner.TestRunnerTestNG -->
