<?xml version="1.0" encoding="UTF-8"?>
<!-- Generated by org.testng.reporters.JUnitReportReporter -->
<testsuite hostname="LIN-5CD53088L0" failures="0" tests="9" name="com.runner.TestRunnerTestNG" time="357.473" errors="0" timestamp="2025-11-14T17:08:56 IST" skipped="0">
  <testcase classname="com.runner.TestRunnerTestNG" name="runScenario" time="27.167"/>
  <testcase classname="com.runner.TestRunnerTestNG" name="runScenario" time="10.120"/>
  <testcase classname="com.runner.TestRunnerTestNG" name="runScenario" time="12.521"/>
  <testcase classname="com.runner.TestRunnerTestNG" name="runScenario" time="11.651"/>
  <testcase classname="com.runner.TestRunnerTestNG" name="runScenario" time="104.885"/>
  <testcase classname="com.runner.TestRunnerTestNG" name="runScenario" time="11.777"/>
  <testcase classname="com.runner.TestRunnerTestNG" name="runScenario" time="37.748"/>
  <testcase classname="com.runner.TestRunnerTestNG" name="runScenario" time="38.259"/>
  <testcase classname="com.runner.TestRunnerTestNG" name="runScenario" time="103.345"/>
</testsuite> <!-- com.runner.TestRunnerTestNG -->
