<?xml version="1.0" encoding="UTF-8"?>
<!-- Generated by org.testng.reporters.JUnitReportReporter -->
<testsuite hostname="LIN-5CD53088L0" failures="0" tests="2" name="com.runner.TestRunnerTestNG" time="206.658" errors="0" timestamp="2025-11-14T16:57:59 IST" skipped="0">
  <testcase classname="com.runner.TestRunnerTestNG" name="runScenario" time="103.117"/>
  <testcase classname="com.runner.TestRunnerTestNG" name="runScenario" time="103.541"/>
</testsuite> <!-- com.runner.TestRunnerTestNG -->
